SF:lib\services\directory_service.dart
DA:13,0
DA:15,0
DA:16,0
DA:18,0
LF:4
LH:0
end_of_record
SF:lib\app\locator.dart
DA:6,12
DA:8,0
DA:9,0
LF:3
LH:1
end_of_record
SF:lib\models\exposition.dart
DA:4,0
DA:14,0
DA:15,0
DA:17,0
DA:19,0
DA:20,0
DA:21,0
DA:22,0
DA:25,0
DA:26,0
DA:27,0
DA:28,0
DA:33,1
DA:49,0
DA:51,0
DA:53,0
DA:54,0
DA:55,0
DA:56,0
DA:57,0
DA:58,0
DA:59,0
DA:62,0
DA:63,0
DA:64,0
DA:65,0
DA:66,0
DA:67,0
DA:68,0
LF:29
LH:1
end_of_record
SF:lib\models\time.dart
DA:5,1
LF:1
LH:1
end_of_record
SF:lib\services\local_storage_service.dart
DA:8,0
DA:25,1
DA:32,2
DA:36,1
DA:38,3
DA:39,2
DA:40,1
DA:42,0
DA:43,0
DA:45,1
DA:51,1
DA:53,4
DA:54,2
DA:56,2
DA:60,1
DA:65,2
DA:67,2
DA:74,1
DA:76,3
DA:79,2
DA:85,1
DA:86,3
LF:22
LH:19
end_of_record
SF:lib\services\media_services.dart
DA:11,0
DA:12,0
DA:13,0
DA:17,0
DA:18,0
DA:19,0
DA:23,0
DA:24,0
DA:25,0
LF:9
LH:0
end_of_record
SF:lib\services\time_service.dart
DA:11,2
DA:12,2
DA:15,1
DA:16,2
DA:21,1
DA:24,2
DA:25,5
DA:27,2
DA:28,3
DA:30,2
DA:33,2
DA:34,4
DA:35,1
DA:37,4
DA:40,1
DA:41,1
DA:45,1
DA:46,2
DA:47,1
DA:52,1
DA:53,2
DA:54,6
DA:55,2
DA:61,1
DA:62,2
DA:63,2
LF:26
LH:26
end_of_record
SF:lib\services\tour_service.dart
DA:19,2
DA:22,3
DA:25,4
DA:28,5
DA:31,3
DA:34,2
DA:37,0
DA:38,0
DA:39,0
DA:45,1
DA:46,2
DA:47,2
DA:51,0
DA:52,0
DA:53,0
DA:58,1
DA:59,4
DA:62,2
DA:64,2
DA:65,2
DA:71,1
DA:72,1
DA:73,2
DA:74,2
DA:81,1
DA:82,1
DA:83,0
DA:84,2
DA:85,3
DA:89,0
DA:90,0
DA:91,0
LF:32
LH:22
end_of_record
SF:lib\app\locator.config.dart
DA:21,0
DA:22,0
DA:23,0
DA:24,0
DA:25,0
DA:26,0
DA:27,0
DA:28,0
DA:29,0
DA:30,0
DA:31,0
DA:35,0
DA:36,0
DA:37,0
DA:38,0
LF:15
LH:0
end_of_record
SF:lib\models\museums.dart
DA:4,0
DA:14,0
DA:16,0
DA:18,0
DA:19,0
DA:20,0
DA:21,0
DA:24,0
DA:25,0
DA:26,0
DA:27,0
DA:32,0
DA:54,0
DA:56,0
DA:58,0
DA:59,0
DA:60,0
DA:61,0
DA:62,0
DA:63,0
DA:64,0
DA:65,0
DA:66,0
DA:67,0
DA:70,0
DA:71,0
DA:72,0
DA:73,0
DA:74,0
DA:75,0
DA:76,0
DA:77,0
DA:78,0
DA:79,0
LF:34
LH:0
end_of_record
